d:\users\eigil\projects\juceprojs\custommatplot\build\debug\cmp_plot.pdb
d:\users\eigil\projects\juceprojs\fftchecks\cmp_plot.dir\debug\juce_data_structures.obj
d:\users\eigil\projects\juceprojs\fftchecks\cmp_plot.dir\debug\juce_core.obj
d:\users\eigil\projects\juceprojs\fftchecks\cmp_plot.dir\debug\juce_events.obj
d:\users\eigil\projects\juceprojs\fftchecks\cmp_plot.dir\debug\juce_graphics.obj
d:\users\eigil\projects\juceprojs\fftchecks\cmp_plot.dir\debug\juce_gui_basics.obj
d:\users\eigil\projects\juceprojs\fftchecks\cmp_plot.dir\debug\cmp_downsampler.obj
d:\users\eigil\projects\juceprojs\fftchecks\cmp_plot.dir\debug\cmp_lookandfeel.obj
d:\users\eigil\projects\juceprojs\fftchecks\cmp_plot.dir\debug\cmp_zoom.obj
d:\users\eigil\projects\juceprojs\fftchecks\cmp_plot.dir\debug\cmp_trace.obj
d:\users\eigil\projects\juceprojs\fftchecks\cmp_plot.dir\debug\cmp_legend.obj
d:\users\eigil\projects\juceprojs\fftchecks\cmp_plot.dir\debug\cmp_frame.obj
d:\users\eigil\projects\juceprojs\fftchecks\cmp_plot.dir\debug\cmp_label.obj
d:\users\eigil\projects\juceprojs\fftchecks\cmp_plot.dir\debug\cmp_grid.obj
d:\users\eigil\projects\juceprojs\fftchecks\cmp_plot.dir\debug\cmp_graph_line.obj
d:\users\eigil\projects\juceprojs\fftchecks\cmp_plot.dir\debug\cmp_plot.obj
d:\users\eigil\projects\juceprojs\custommatplot\build\cmakefiles\generate.stamp
d:\users\eigil\projects\juceprojs\custommatplot\build\debug\cmp_plot.lib
d:\users\eigil\projects\juceprojs\fftchecks\cmp_plot.dir\debug\cmp_plot.tlog\cl.command.1.tlog
d:\users\eigil\projects\juceprojs\fftchecks\cmp_plot.dir\debug\cmp_plot.tlog\cl.read.1.tlog
d:\users\eigil\projects\juceprojs\fftchecks\cmp_plot.dir\debug\cmp_plot.tlog\cl.write.1.tlog
d:\users\eigil\projects\juceprojs\fftchecks\cmp_plot.dir\debug\cmp_plot.tlog\custombuild.command.1.tlog
d:\users\eigil\projects\juceprojs\fftchecks\cmp_plot.dir\debug\cmp_plot.tlog\custombuild.read.1.tlog
d:\users\eigil\projects\juceprojs\fftchecks\cmp_plot.dir\debug\cmp_plot.tlog\custombuild.write.1.tlog
d:\users\eigil\projects\juceprojs\fftchecks\cmp_plot.dir\debug\cmp_plot.tlog\lib-link.read.1.tlog
d:\users\eigil\projects\juceprojs\fftchecks\cmp_plot.dir\debug\cmp_plot.tlog\lib-link.write.1.tlog
d:\users\eigil\projects\juceprojs\fftchecks\cmp_plot.dir\debug\cmp_plot.tlog\lib.command.1.tlog
