d:\users\eigil\projects\juceprojs\fftchecks\builds\visualstudio2022\x64\release\app\fftchecks.pdb
d:\users\eigil\projects\juceprojs\fftchecks\builds\visualstudio2022\x64\release\app\include_juce_gui_basics.obj
d:\users\eigil\projects\juceprojs\fftchecks\builds\visualstudio2022\x64\release\app\cmp_label.obj
d:\users\eigil\projects\juceprojs\fftchecks\builds\visualstudio2022\x64\release\app\fftchecks.obj
d:\users\eigil\projects\juceprojs\fftchecks\builds\visualstudio2022\x64\release\app\cmp_graph_line.obj
d:\users\eigil\projects\juceprojs\fftchecks\builds\visualstudio2022\x64\release\app\cmp_zoom.obj
d:\users\eigil\projects\juceprojs\fftchecks\builds\visualstudio2022\x64\release\app\include_juce_events.obj
d:\users\eigil\projects\juceprojs\fftchecks\builds\visualstudio2022\x64\release\app\cmp_downsampler.obj
d:\users\eigil\projects\juceprojs\fftchecks\builds\visualstudio2022\x64\release\app\include_juce_audio_basics.obj
d:\users\eigil\projects\juceprojs\fftchecks\builds\visualstudio2022\x64\release\app\include_juce_gui_extra.obj
d:\users\eigil\projects\juceprojs\fftchecks\builds\visualstudio2022\x64\release\app\cmp_lookandfeel.obj
d:\users\eigil\projects\juceprojs\fftchecks\builds\visualstudio2022\x64\release\app\include_juce_data_structures.obj
d:\users\eigil\projects\juceprojs\fftchecks\builds\visualstudio2022\x64\release\app\include_juce_dsp.obj
d:\users\eigil\projects\juceprojs\fftchecks\builds\visualstudio2022\x64\release\app\cmp_plot.obj
d:\users\eigil\projects\juceprojs\fftchecks\builds\visualstudio2022\x64\release\app\include_juce_audio_formats.obj
d:\users\eigil\projects\juceprojs\fftchecks\builds\visualstudio2022\x64\release\app\cmp_grid.obj
d:\users\eigil\projects\juceprojs\fftchecks\builds\visualstudio2022\x64\release\app\binarydata.obj
d:\users\eigil\projects\juceprojs\fftchecks\builds\visualstudio2022\x64\release\app\include_juce_core.obj
d:\users\eigil\projects\juceprojs\fftchecks\builds\visualstudio2022\x64\release\app\cmp_legend.obj
d:\users\eigil\projects\juceprojs\fftchecks\builds\visualstudio2022\x64\release\app\cmp_trace.obj
d:\users\eigil\projects\juceprojs\fftchecks\builds\visualstudio2022\x64\release\app\include_juce_graphics.obj
d:\users\eigil\projects\juceprojs\fftchecks\builds\visualstudio2022\x64\release\app\cmp_frame.obj
d:\users\eigil\projects\juceprojs\fftchecks\builds\visualstudio2022\x64\release\app\main.obj
d:\users\eigil\projects\juceprojs\fftchecks\builds\visualstudio2022\x64\release\app\fftchecks.exe
d:\users\eigil\projects\juceprojs\fftchecks\builds\visualstudio2022\x64\release\app\fftchecks.iobj
d:\users\eigil\projects\juceprojs\fftchecks\builds\visualstudio2022\x64\release\app\resources.res
d:\users\eigil\projects\juceprojs\fftchecks\builds\visualstudio2022\x64\release\app\fftchecks_app.tlog\cl.command.1.tlog
d:\users\eigil\projects\juceprojs\fftchecks\builds\visualstudio2022\x64\release\app\fftchecks_app.tlog\cl.read.1.tlog
d:\users\eigil\projects\juceprojs\fftchecks\builds\visualstudio2022\x64\release\app\fftchecks_app.tlog\cl.write.1.tlog
d:\users\eigil\projects\juceprojs\fftchecks\builds\visualstudio2022\x64\release\app\fftchecks_app.tlog\link.command.1.tlog
d:\users\eigil\projects\juceprojs\fftchecks\builds\visualstudio2022\x64\release\app\fftchecks_app.tlog\link.read.1.tlog
d:\users\eigil\projects\juceprojs\fftchecks\builds\visualstudio2022\x64\release\app\fftchecks_app.tlog\link.write.1.tlog
d:\users\eigil\projects\juceprojs\fftchecks\builds\visualstudio2022\x64\release\app\fftchecks_app.tlog\link.write.2u.tlog
d:\users\eigil\projects\juceprojs\fftchecks\builds\visualstudio2022\x64\release\app\fftchecks_app.tlog\rc.command.1.tlog
d:\users\eigil\projects\juceprojs\fftchecks\builds\visualstudio2022\x64\release\app\fftchecks_app.tlog\rc.read.1.tlog
d:\users\eigil\projects\juceprojs\fftchecks\builds\visualstudio2022\x64\release\app\fftchecks_app.tlog\rc.write.1.tlog
